TN:
SF:dist/src/sqrt.js
FN:5,(anonymous_0)
FNF:1
FNH:1
FNDA:3,(anonymous_0)
DA:2,1
DA:3,1
DA:6,3
DA:7,1
DA:9,2
DA:10,2
DA:11,1
DA:13,1
DA:14,1
DA:15,1
DA:16,1
DA:19,1
LF:12
LH:12
BRDA:6,0,0,1
BRDA:6,0,1,2
BRDA:6,1,0,3
BRDA:6,1,1,2
BRDA:6,1,2,2
BRDA:10,2,0,1
BRDA:10,2,1,1
BRF:7
BRH:7
end_of_record
TN:
SF:src/sqrt.ts
FN:2,(anonymous_0)
FNF:1
FNH:1
FNDA:3,(anonymous_0)
DA:1,1
DA:3,3
DA:4,1
DA:6,2
DA:7,2
DA:8,1
DA:10,1
DA:11,1
DA:12,1
DA:13,1
LF:10
LH:10
BRDA:3,0,0,1
BRDA:3,1,0,3
BRDA:3,1,1,2
BRDA:3,1,2,2
BRDA:7,2,0,1
BRF:5
BRH:5
end_of_record
